<?xml version="1.0" encoding="UTF-8"?>

<beans xmlns="http://www.springframework.org/schema/beans"
	   xmlns:util="http://www.springframework.org/schema/util"
	   xmlns:xsi="http://www.w3.org/2001/XMLSchema-instance"
	   xmlns:aop="http://www.springframework.org/schema/aop" xmlns:tx="http://www.springframework.org/schema/tx"
	   xsi:schemaLocation="http://www.springframework.org/schema/aop 
	                       http://www.springframework.org/schema/aop/spring-aop-2.5.xsd
	                       http://www.springframework.org/schema/beans 
						   http://www.springframework.org/schema/beans/spring-beans-2.5.xsd
						   http://www.springframework.org/schema/tx 
						   http://www.springframework.org/schema/tx/spring-tx-2.5.xsd
						   http://www.springframework.org/schema/util 
						   http://www.springframework.org/schema/util/spring-util-2.5.xsd">
						   
	<bean id="dataSource" class="org.springframework.jdbc.datasource.DriverManagerDataSource">
	    <property name="driverClassName" value="org.postgresql.Driver"/>
	    <property name="url" value="jdbc:postgresql://10.114.1.252/proxeee"/>
	    <property name="username" value="proxeee"/>
	    <property name="password" value="proxeeepass"/>
	</bean>

	<!-- Hibernate SessionFactory - ->
	<bean id="sessionFactory" class="org.springframework.orm.hibernate3.annotation.AnnotationSessionFactoryBean">
		<property name="dataSource" ref="dataSource" />
		<property name="hibernateProperties">
			<props>
				<prop key="hibernate.dialect">org.hibernate.dialect.PostgreSQLDialect</prop>
				<!- - prop key="hibernate.hbm2ddl.auto">update</prop - ->
				<prop key="hibernate.connection.autocommit">false</prop>
			</props>
		</property>
		<property name="annotatedClasses" ref="mappingClasses" />
	</bean>
	
	<bean id="hibernateTemplate" class="org.springframework.orm.hibernate3.HibernateTemplate">
        <property name="sessionFactory" ref="sessionFactory" />
    </bean>
	
	<bean id="transactionManager" class="org.springframework.orm.hibernate3.HibernateTransactionManager">
		<property name="sessionFactory" ref="sessionFactory" />
	</bean>

	<tx:annotation-driven/>
	-->

	<bean id="serviceFactory" class="core.service.factory.ServiceFactoryImpl" scope="prototype"/>
	
	<bean id="clientServiceSessionFactory" class="core.service.session.ClientServiceSessionFactoryImpl" scope="prototype"/>
	
	<bean id="clientServiceSession" class="core.service.session.ClientServiceSessionImpl" scope="prototype"/>

	<bean id="serviceSecurity" class="core.service.security.ServiceSecurityImpl"/>

	<bean id="localServiceExecutor" class="core.service.executor.local.LocalServiceExecutor" scope="prototype"/>

	<bean id="remoteServiceExecutor" class="core.service.executor.remote.RemoteServiceExecutor" scope="prototype"/>

	<bean id="serviceExecutor" class="core.service.executor.local.LocalServiceExecutor" scope="prototype"/>
	<!-- bean id="serviceExecutor" class="core.service.executor.mina.MinaClientServiceExecutor" scope="prototype"/ -->

	<bean id="serviceInstantiator" class="core.service.test.mock.MockServiceFactory" scope="prototype"/>

</beans>
